2025-12-16 22:52:50,507 [INFO] ============================================================
2025-12-16 22:52:50,507 [INFO] Hierarchical Fine-Tuning with Pruning Experiment
2025-12-16 22:52:50,507 [INFO] ============================================================
2025-12-16 22:52:50,507 [INFO] Device: cuda:0
2025-12-16 22:52:50,508 [INFO] Models: resnet18, mobilenet
2025-12-16 22:52:50,508 [INFO] Experiment: revised
2025-12-16 22:52:50,508 [INFO] Seed: 888
2025-12-16 22:52:50,508 [INFO] Pruning rates: [0.2, 0.3, 0.5, 0.7]
2025-12-16 22:52:50,508 [INFO] ============================================================
2025-12-16 22:52:50,509 [INFO] 
############################################################
2025-12-16 22:52:50,509 [INFO] Evaluating: RESNET18
2025-12-16 22:52:50,509 [INFO] ############################################################
2025-12-16 22:52:50,509 [INFO] 
============================================================
2025-12-16 22:52:50,509 [INFO] Child Model Experiment (resnet18): 6-class ¡ú 12-class
2025-12-16 22:52:50,509 [INFO] ============================================================
2025-12-16 22:52:50,510 [INFO] Found 1 trained child models: [0]
2025-12-16 22:52:50,510 [INFO] 
Child Model 0 (from Parent 0, resnet18, 12-class)
2025-12-16 22:52:50,510 [INFO] Classes: [37, 173, 157, 91, 43, 141, 182, 169, 155, 46, 98, 74]
