2025-12-16 22:10:08,047 [INFO] ============================================================
2025-12-16 22:10:08,047 [INFO] Hierarchical Fine-Tuning with Pruning Experiment
2025-12-16 22:10:08,047 [INFO] ============================================================
2025-12-16 22:10:08,047 [INFO] Device: cuda:0
2025-12-16 22:10:08,048 [INFO] Models: resnet18, mobilenet
2025-12-16 22:10:08,048 [INFO] Experiment: rebuttal
2025-12-16 22:10:08,048 [INFO] Seed: 888
2025-12-16 22:10:08,048 [INFO] Pruning rates: [0.3, 0.5, 0.7]
2025-12-16 22:10:08,048 [INFO] ============================================================
2025-12-16 22:10:08,048 [INFO] 
############################################################
2025-12-16 22:10:08,048 [INFO] Evaluating: RESNET18
2025-12-16 22:10:08,048 [INFO] ############################################################
2025-12-16 22:10:08,048 [INFO] 
============================================================
2025-12-16 22:10:08,048 [INFO] Child Model Experiment (resnet18): 6-class ¡ú 6-class
2025-12-16 22:10:08,048 [INFO] ============================================================
2025-12-16 22:10:08,048 [INFO] Found 1 trained child models: [0]
2025-12-16 22:10:08,048 [INFO] 
Child Model 0 (from Parent 0, resnet18, 6-class)
2025-12-16 22:10:08,048 [INFO] Classes: [182, 116, 184, 178, 188, 55]
2025-12-16 22:11:30,337 [INFO]   Unpruned: 87.18%
2025-12-16 22:11:30,450 [INFO]   [DEBUG] Pruning 30%: 3411268/11169984 params zeroed (30.54%)
2025-12-16 22:11:30,474 [INFO]   Pruned 30%: 87.18% (Sparsity: 30.54%)
2025-12-16 22:11:30,535 [INFO]   [DEBUG] Pruning 50%: 5685447/11169984 params zeroed (50.90%)
2025-12-16 22:11:30,559 [INFO]   Pruned 50%: 62.82% (Sparsity: 50.90%)
2025-12-16 22:11:30,625 [INFO]   [DEBUG] Pruning 70%: 7959624/11169984 params zeroed (71.26%)
2025-12-16 22:11:30,645 [INFO]   Pruned 70%: 19.23% (Sparsity: 71.26%)
2025-12-16 22:11:30,689 [INFO] 
############################################################
2025-12-16 22:11:30,689 [INFO] Evaluating: MOBILENET
2025-12-16 22:11:30,689 [INFO] ############################################################
2025-12-16 22:11:30,690 [INFO] 
============================================================
2025-12-16 22:11:30,690 [INFO] Child Model Experiment (mobilenet): 6-class ¡ú 6-class
2025-12-16 22:11:30,690 [INFO] ============================================================
2025-12-16 22:11:30,690 [INFO] Found 1 trained child models: [0]
2025-12-16 22:11:30,690 [INFO] 
Child Model 0 (from Parent 0, mobilenet, 6-class)
2025-12-16 22:11:30,691 [INFO] Classes: [182, 116, 184, 178, 188, 55]
2025-12-16 22:13:11,458 [INFO]   Unpruned: 85.90%
2025-12-16 22:13:11,511 [INFO]   [DEBUG] Pruning 30%: 658771/2197440 params zeroed (29.98%)
2025-12-16 22:13:11,540 [INFO]   Pruned 30%: 60.26% (Sparsity: 29.98%)
2025-12-16 22:13:11,621 [INFO]   [DEBUG] Pruning 50%: 1097952/2197440 params zeroed (49.97%)
2025-12-16 22:13:11,649 [INFO]   Pruned 50%: 25.64% (Sparsity: 49.97%)
2025-12-16 22:13:11,729 [INFO]   [DEBUG] Pruning 70%: 1537133/2197440 params zeroed (69.95%)
2025-12-16 22:13:11,764 [INFO]   Pruned 70%: 19.23% (Sparsity: 69.95%)
2025-12-16 22:13:11,803 [INFO] 
============================================================
2025-12-16 22:13:11,803 [INFO] Results saved to: ./results\pruning_results_rebuttal_20251216_221008.json
2025-12-16 22:13:11,803 [INFO] ============================================================
2025-12-16 22:13:11,803 [INFO] 
EXPERIMENT SUMMARY
2025-12-16 22:13:11,803 [INFO] ============================================================
2025-12-16 22:13:11,803 [INFO] 
[RESNET18]
2025-12-16 22:13:11,803 [INFO] 
  Child Models (6-class): 1 models
2025-12-16 22:13:11,803 [INFO]     Unpruned: 87.18%
2025-12-16 22:13:11,803 [INFO]     Pruned 30%: 87.18%
2025-12-16 22:13:11,803 [INFO]     Pruned 50%: 62.82%
2025-12-16 22:13:11,803 [INFO]     Pruned 70%: 19.23%
2025-12-16 22:13:11,803 [INFO] 
[MOBILENET]
2025-12-16 22:13:11,805 [INFO] 
  Child Models (6-class): 1 models
2025-12-16 22:13:11,805 [INFO]     Unpruned: 85.90%
2025-12-16 22:13:11,805 [INFO]     Pruned 30%: 60.26%
2025-12-16 22:13:11,805 [INFO]     Pruned 50%: 25.64%
2025-12-16 22:13:11,805 [INFO]     Pruned 70%: 19.23%
2025-12-16 22:13:11,805 [INFO] 
============================================================
2025-12-16 22:13:11,805 [INFO] WEIGHTED AVERAGE (50% ResNet-50 + 50% MobileNet)
2025-12-16 22:13:11,805 [INFO] ============================================================
2025-12-16 22:13:11,805 [INFO] 
Child Models (6-class):
2025-12-16 22:13:11,806 [INFO]   Unpruned: 86.54%
2025-12-16 22:13:11,806 [INFO]   Pruned 20%: 0.00%
2025-12-16 22:13:11,806 [INFO]   Pruned 30%: 73.72%
2025-12-16 22:13:11,806 [INFO]   Pruned 50%: 44.23%
2025-12-16 22:13:11,806 [INFO]   Pruned 70%: 19.23%
