2025-12-16 22:53:31,699 [INFO] Logging to ./logs\train_20251216_225331.log
2025-12-16 22:53:31,699 [INFO] 
============================================================
Hierarchical Fine-Tuning Lineage Experiment
============================================================
Model: mobilenet
Device: cuda:0
Seed: 888
Data Path: ./Dataset/Caltech101/caltech-101
============================================================

2025-12-16 22:53:31,699 [INFO] 
============================================================
Training Child Models (mobilenet: 6-class ¡ú 12-class)
============================================================
Number of models to train: 1
2025-12-16 22:53:31,699 [INFO] 
--- Child Model 0 (from Parent 0, mobilenet, 12-class) ---
Classes: [37, 173, 157, 91, 43, 141, 182, 169, 155, 46, 98, 74]
2025-12-16 22:55:03,869 [INFO] Child Model 0 - Final Accuracy: 81.25%
2025-12-16 22:55:03,870 [INFO] 
============================================================
Child Models Training Complete!
============================================================
