2025-12-16 22:07:24,990 [INFO] Logging to ./logs\train_20251216_220724.log
2025-12-16 22:07:24,990 [INFO] 
============================================================
Hierarchical Fine-Tuning Lineage Experiment
============================================================
Model: resnet18
Device: cuda:0
Seed: 888
Data Path: ./Dataset/Caltech101/caltech-101
============================================================

2025-12-16 22:07:24,991 [INFO] 
============================================================
Training Child Models (resnet18: 6-class ¡ú 6-class)
============================================================
Number of models to train: 1
2025-12-16 22:07:24,992 [INFO] 
--- Child Model 0 (from Parent 0, resnet18, 6-class) ---
Classes: [182, 116, 184, 178, 188, 55]
2025-12-16 22:09:03,089 [INFO] Child Model 0 - Final Accuracy: 87.18%
2025-12-16 22:09:03,090 [INFO] 
============================================================
Child Models Training Complete!
============================================================
