2025-12-16 21:51:00,568 [INFO] Logging to ./logs\train_20251216_215100.log
2025-12-16 21:51:00,568 [INFO] 
============================================================
Hierarchical Fine-Tuning Lineage Experiment
============================================================
Model: resnet18
Device: cuda:0
Seed: 888
Data Path: ./Dataset/Caltech101/caltech-101
============================================================

2025-12-16 21:51:00,568 [INFO] 
============================================================
Training Child Models (resnet18: 6-class ¡ú 6-class)
============================================================
Number of models to train: 5
2025-12-16 21:51:00,569 [INFO] 
--- Child Model 0 (from Parent 0, resnet18, 6-class) ---
Classes: [182, 116, 184, 178, 188, 55]
2025-12-16 21:52:46,771 [INFO] Child Model 0 - Final Accuracy: 69.79%
2025-12-16 21:52:46,773 [INFO] 
--- Child Model 1 (from Parent 1, resnet18, 6-class) ---
Classes: [176, 19, 154, 189, 31, 167]
2025-12-16 21:54:33,489 [INFO] Child Model 1 - Final Accuracy: 63.54%
2025-12-16 21:54:33,489 [INFO] 
--- Child Model 2 (from Parent 2, resnet18, 6-class) ---
Classes: [97, 118, 86, 172, 30, 125]
2025-12-16 21:56:21,413 [INFO] Child Model 2 - Final Accuracy: 44.79%
2025-12-16 21:56:21,413 [INFO] 
--- Child Model 3 (from Parent 3, resnet18, 6-class) ---
Classes: [21, 33, 56, 149, 6, 11]
