2025-12-16 22:53:25,977 [INFO] Logging to ./logs\train_20251216_225325.log
2025-12-16 22:53:25,978 [INFO] 
============================================================
Hierarchical Fine-Tuning Lineage Experiment
============================================================
Model: resnet18
Device: cuda:0
Seed: 888
Data Path: ./Dataset/Caltech101/caltech-101
============================================================

2025-12-16 22:53:25,979 [INFO] 
============================================================
Training Child Models (resnet18: 6-class ¡ú 12-class)
============================================================
Number of models to train: 1
2025-12-16 22:53:25,979 [INFO] 
--- Child Model 0 (from Parent 0, resnet18, 12-class) ---
Classes: [37, 173, 157, 91, 43, 141, 182, 169, 155, 46, 98, 74]
2025-12-16 22:54:57,692 [INFO] Child Model 0 - Final Accuracy: 75.00%
2025-12-16 22:54:57,692 [INFO] 
============================================================
Child Models Training Complete!
============================================================
