2025-12-16 23:01:47,951 [INFO] Logging to ./logs\train_20251216_230147.log
2025-12-16 23:01:47,952 [INFO] 
============================================================
Hierarchical Fine-Tuning Lineage Experiment
============================================================
Model: mobilenet
Device: cuda:0
Seed: 888
Data Path: ./Dataset/Caltech101/caltech-101
============================================================

2025-12-16 23:01:47,952 [INFO] 
============================================================
Training Child Models (mobilenet: 6-class ¡ú 12-class)
============================================================
Number of models to train: 1
2025-12-16 23:01:47,953 [INFO] 
--- Child Model 0 (from Parent 0, mobilenet, 12-class) ---
Classes: [37, 173, 157, 91, 43, 141, 182, 169, 155, 46, 98, 74]
2025-12-16 23:03:19,185 [INFO] Child Model 0 - Final Accuracy: 25.00%
2025-12-16 23:03:19,186 [INFO] 
============================================================
Child Models Training Complete!
============================================================
