2025-12-16 22:07:32,050 [INFO] Logging to ./logs\train_20251216_220732.log
2025-12-16 22:07:32,050 [INFO] 
============================================================
Hierarchical Fine-Tuning Lineage Experiment
============================================================
Model: mobilenet
Device: cuda:0
Seed: 888
Data Path: ./Dataset/Caltech101/caltech-101
============================================================

2025-12-16 22:07:32,050 [INFO] 
============================================================
Training Child Models (mobilenet: 6-class ¡ú 6-class)
============================================================
Number of models to train: 1
2025-12-16 22:07:32,051 [INFO] 
--- Child Model 0 (from Parent 0, mobilenet, 6-class) ---
Classes: [182, 116, 184, 178, 188, 55]
2025-12-16 22:09:12,731 [INFO] Child Model 0 - Final Accuracy: 85.90%
2025-12-16 22:09:12,732 [INFO] 
============================================================
Child Models Training Complete!
============================================================
