2025-12-16 22:57:17,417 [INFO] Logging to ./logs\train_20251216_225717.log
2025-12-16 22:57:17,417 [INFO] 
============================================================
Hierarchical Fine-Tuning Lineage Experiment
============================================================
Model: mobilenet
Device: cuda:0
Seed: 888
Data Path: ./Dataset/Caltech101/caltech-101
============================================================

2025-12-16 22:57:17,417 [INFO] 
============================================================
Training Child Models (mobilenet: 6-class ¡ú 12-class)
============================================================
Number of models to train: 1
2025-12-16 22:57:17,418 [INFO] 
--- Child Model 0 (from Parent 0, mobilenet, 12-class) ---
Classes: [37, 173, 157, 91, 43, 141, 182, 169, 155, 46, 98, 74]
2025-12-16 22:58:48,535 [INFO] Child Model 0 - Final Accuracy: 66.67%
2025-12-16 22:58:48,536 [INFO] 
============================================================
Child Models Training Complete!
============================================================
