2025-12-16 21:58:05,096 [INFO] Logging to ./logs\train_20251216_215805.log
2025-12-16 21:58:05,096 [INFO] 
============================================================
Hierarchical Fine-Tuning Lineage Experiment
============================================================
Model: resnet18
Device: cuda:0
Seed: 888
Data Path: ./Dataset/Caltech101/caltech-101
============================================================

2025-12-16 21:58:05,096 [INFO] 
============================================================
Training Child Models (resnet18: 6-class ¡ú 6-class)
============================================================
Number of models to train: 5
2025-12-16 21:58:05,097 [INFO] 
--- Child Model 0 (from Parent 0, resnet18, 6-class) ---
Classes: [182, 116, 184, 178, 188, 55]
2025-12-16 21:59:55,000 [INFO] Child Model 0 - Final Accuracy: 54.17%
2025-12-16 21:59:55,000 [INFO] 
--- Child Model 1 (from Parent 1, resnet18, 6-class) ---
Classes: [176, 19, 154, 189, 31, 167]
2025-12-16 22:01:44,209 [INFO] Child Model 1 - Final Accuracy: 67.71%
2025-12-16 22:01:44,210 [INFO] 
--- Child Model 2 (from Parent 2, resnet18, 6-class) ---
Classes: [97, 118, 86, 172, 30, 125]
