2025-12-16 21:58:10,158 [INFO] Logging to ./logs\train_20251216_215810.log
2025-12-16 21:58:10,158 [INFO] 
============================================================
Hierarchical Fine-Tuning Lineage Experiment
============================================================
Model: mobilenet
Device: cuda:0
Seed: 888
Data Path: ./Dataset/Caltech101/caltech-101
============================================================

2025-12-16 21:58:10,159 [INFO] 
============================================================
Training Child Models (mobilenet: 6-class ¡ú 6-class)
============================================================
Number of models to train: 5
2025-12-16 21:58:10,159 [INFO] 
--- Child Model 0 (from Parent 0, mobilenet, 6-class) ---
Classes: [182, 116, 184, 178, 188, 55]
2025-12-16 22:00:01,510 [INFO] Child Model 0 - Final Accuracy: 68.75%
2025-12-16 22:00:01,511 [INFO] 
--- Child Model 1 (from Parent 1, mobilenet, 6-class) ---
Classes: [176, 19, 154, 189, 31, 167]
