2025-12-16 21:01:22,194 [INFO] Logging to ./logs\train_20251216_210122.log
2025-12-16 21:01:22,195 [INFO] 
============================================================
Hierarchical Fine-Tuning Lineage Experiment
============================================================
Model: resnet18
Device: cuda:0
Seed: 888
Data Path: ./Dataset/Caltech101/caltech-101
============================================================

2025-12-16 21:01:22,196 [INFO] ============================================================
Training Parent Models (resnet18)
============================================================
2025-12-16 21:01:22,196 [INFO] 
--- Parent Model 0 (resnet18) ---
Classes: [40, 7, 1, 47, 17, 15]
2025-12-16 21:01:44,235 [INFO] 
Training Model 0, Epochs: 65, LR: 0.000100
2025-12-16 21:02:08,397 [INFO] Parent Model 0 (resnet18) - Final Accuracy: 99.37%
2025-12-16 21:02:08,397 [INFO] 
--- Parent Model 1 (resnet18) ---
Classes: [14, 8, 47, 6, 43, 57]
