2025-12-16 21:30:51,431 [INFO] Logging to ./logs\train_20251216_213051.log
2025-12-16 21:30:51,432 [INFO] 
============================================================
Hierarchical Fine-Tuning Lineage Experiment
============================================================
Model: resnet18
Device: cuda:0
Seed: 888
Data Path: ./Dataset/Caltech101/caltech-101
============================================================

2025-12-16 21:30:51,432 [INFO] 
============================================================
Training Child Models (resnet18: 6-class ¡ú 6-class)
============================================================
Number of models to train: 5
2025-12-16 21:30:51,433 [INFO] 
--- Child Model 0 (from Parent 0, resnet18, 6-class) ---
Classes: [182, 116, 184, 178, 188, 55]
2025-12-16 21:32:24,444 [INFO] Child Model 0 - Final Accuracy: 55.00%
2025-12-16 21:32:24,444 [INFO] 
--- Child Model 1 (from Parent 1, resnet18, 6-class) ---
Classes: [176, 19, 154, 189, 31, 167]
2025-12-16 21:34:05,696 [INFO] Child Model 1 - Final Accuracy: 56.67%
2025-12-16 21:34:05,696 [INFO] 
--- Child Model 2 (from Parent 2, resnet18, 6-class) ---
Classes: [97, 118, 86, 172, 30, 125]
2025-12-16 21:35:40,786 [INFO] Child Model 2 - Final Accuracy: 51.67%
2025-12-16 21:35:40,786 [INFO] 
--- Child Model 3 (from Parent 3, resnet18, 6-class) ---
Classes: [21, 33, 56, 149, 6, 11]
2025-12-16 21:37:08,313 [INFO] Child Model 3 - Final Accuracy: 51.67%
2025-12-16 21:37:08,314 [INFO] 
--- Child Model 4 (from Parent 4, resnet18, 6-class) ---
Classes: [57, 27, 177, 32, 155, 133]
2025-12-16 21:38:44,039 [INFO] Child Model 4 - Final Accuracy: 60.00%
2025-12-16 21:38:44,044 [INFO] 
============================================================
Child Models Training Complete!
============================================================
