2025-12-16 22:02:17,808 [INFO] Logging to ./logs\train_20251216_220217.log
2025-12-16 22:02:17,808 [INFO] 
============================================================
Hierarchical Fine-Tuning Lineage Experiment
============================================================
Model: mobilenet
Device: cuda:0
Seed: 888
Data Path: ./Dataset/Caltech101/caltech-101
============================================================

2025-12-16 22:02:17,808 [INFO] 
============================================================
Training Child Models (mobilenet: 6-class ¡ú 6-class)
============================================================
Number of models to train: 5
2025-12-16 22:02:17,809 [INFO] 
--- Child Model 0 (from Parent 0, mobilenet, 6-class) ---
Classes: [182, 116, 184, 178, 188, 55]
2025-12-16 22:04:11,995 [INFO] Child Model 0 - Final Accuracy: 88.54%
2025-12-16 22:04:11,995 [INFO] 
--- Child Model 1 (from Parent 1, mobilenet, 6-class) ---
Classes: [176, 19, 154, 189, 31, 167]
2025-12-16 22:06:06,862 [INFO] Child Model 1 - Final Accuracy: 92.71%
2025-12-16 22:06:06,862 [INFO] 
--- Child Model 2 (from Parent 2, mobilenet, 6-class) ---
Classes: [97, 118, 86, 172, 30, 125]
