2025-12-16 21:51:37,318 [INFO] Logging to ./logs\train_20251216_215137.log
2025-12-16 21:51:37,318 [INFO] 
============================================================
Hierarchical Fine-Tuning Lineage Experiment
============================================================
Model: mobilenet
Device: cuda:0
Seed: 888
Data Path: ./Dataset/Caltech101/caltech-101
============================================================

2025-12-16 21:51:37,318 [INFO] 
============================================================
Training Child Models (mobilenet: 6-class ¡ú 6-class)
============================================================
Number of models to train: 5
2025-12-16 21:51:37,319 [INFO] 
--- Child Model 0 (from Parent 0, mobilenet, 6-class) ---
Classes: [182, 116, 184, 178, 188, 55]
2025-12-16 21:53:26,236 [INFO] Child Model 0 - Final Accuracy: 60.42%
2025-12-16 21:53:26,236 [INFO] 
--- Child Model 1 (from Parent 1, mobilenet, 6-class) ---
Classes: [176, 19, 154, 189, 31, 167]
2025-12-16 21:55:13,211 [INFO] Child Model 1 - Final Accuracy: 51.04%
2025-12-16 21:55:13,211 [INFO] 
--- Child Model 2 (from Parent 2, mobilenet, 6-class) ---
Classes: [97, 118, 86, 172, 30, 125]
2025-12-16 21:57:02,713 [INFO] Child Model 2 - Final Accuracy: 64.58%
2025-12-16 21:57:02,713 [INFO] 
--- Child Model 3 (from Parent 3, mobilenet, 6-class) ---
Classes: [21, 33, 56, 149, 6, 11]
